<?xml version="1.0" encoding="UTF-8"?>
<testsuite name="com.example.JspServerApplicationTests" tests="1" skipped="0" failures="0" errors="0" timestamp="2023-03-03T02:20:33" hostname="606-03" time="0.435">
  <properties/>
  <testcase name="contextLoads()" classname="com.example.JspServerApplicationTests" time="0.435"/>
  <system-out><![CDATA[11:20:31.317 [Test worker] DEBUG org.springframework.boot.test.context.SpringBootTestContextBootstrapper - Neither @ContextConfiguration nor @ContextHierarchy found for test class [JspServerApplicationTests]: using SpringBootContextLoader
11:20:31.324 [Test worker] DEBUG org.springframework.test.context.support.AbstractContextLoader - Could not detect default resource locations for test class [com.example.JspServerApplicationTests]: no resource found for suffixes {-context.xml, Context.groovy}.
11:20:31.324 [Test worker] INFO org.springframework.test.context.support.AnnotationConfigContextLoaderUtils - Could not detect default configuration classes for test class [com.example.JspServerApplicationTests]: JspServerApplicationTests does not declare any static, non-private, non-final, nested classes annotated with @Configuration.
11:20:31.351 [Test worker] DEBUG org.springframework.boot.test.context.SpringBootTestContextBootstrapper - Using ContextCustomizers for test class [JspServerApplicationTests]: [DisableObservabilityContextCustomizer, PropertyMappingContextCustomizer, Customizer, ExcludeFilterContextCustomizer, DuplicateJsonObjectContextCustomizer, MockitoContextCustomizer, TestRestTemplateContextCustomizer]
11:20:31.429 [Test worker] DEBUG org.springframework.context.annotation.ClassPathScanningCandidateComponentProvider - Identified candidate component class: file [D:\work\workspace-spring-tool-suite-4-4.17.2.RELEASE\jspServer\build\classes\java\main\com\example\JspServerApplication.class]
11:20:31.430 [Test worker] INFO org.springframework.boot.test.context.SpringBootTestContextBootstrapper - Found @SpringBootConfiguration com.example.JspServerApplication for test class com.example.JspServerApplicationTests
11:20:31.557 [Test worker] DEBUG org.springframework.test.context.util.TestContextSpringFactoriesUtils - Skipping candidate TestExecutionListener [org.springframework.test.context.transaction.TransactionalTestExecutionListener] due to a missing dependency. Specify custom TestExecutionListener classes or make the default TestExecutionListener classes and their required dependencies available. Offending class: [org/springframework/transaction/interceptor/TransactionAttributeSource]
11:20:31.559 [Test worker] DEBUG org.springframework.test.context.util.TestContextSpringFactoriesUtils - Skipping candidate TestExecutionListener [org.springframework.test.context.jdbc.SqlScriptsTestExecutionListener] due to a missing dependency. Specify custom TestExecutionListener classes or make the default TestExecutionListener classes and their required dependencies available. Offending class: [org/springframework/transaction/interceptor/TransactionAttribute]
11:20:31.562 [Test worker] DEBUG org.springframework.boot.test.context.SpringBootTestContextBootstrapper - Using TestExecutionListeners for test class [JspServerApplicationTests]: [ServletTestExecutionListener, DirtiesContextBeforeModesTestExecutionListener, ApplicationEventsTestExecutionListener, MockitoTestExecutionListener, DependencyInjectionTestExecutionListener, DirtiesContextTestExecutionListener, EventPublishingTestExecutionListener, RestDocsTestExecutionListener, MockRestServiceServerResetTestExecutionListener, MockMvcPrintOnlyOnFailureTestExecutionListener, WebDriverTestExecutionListener, MockWebServiceServerTestExecutionListener, ResetMocksTestExecutionListener]
11:20:31.563 [Test worker] DEBUG org.springframework.test.context.support.AbstractDirtiesContextTestExecutionListener - Before test class: class [JspServerApplicationTests], class annotated with @DirtiesContext [false] with mode [null]

  .   ____          _            __ _ _
 /\\ / ___'_ __ _ _(_)_ __  __ _ \ \ \ \
( ( )\___ | '_ | '_| | '_ \/ _` | \ \ \ \
 \\/  ___)| |_)| | | | | || (_| |  ) ) ) )
  '  |____| .__|_| |_|_| |_\__, | / / / /
 =========|_|==============|___/=/_/_/_/
 :: Spring Boot ::                (v3.0.3)

2023-03-03T11:20:31.884+09:00  INFO 5396 --- [    Test worker] com.example.JspServerApplicationTests    : Starting JspServerApplicationTests using Java 17.0.6 with PID 5396 (started by ds in D:\work\workspace-spring-tool-suite-4-4.17.2.RELEASE\jspServer)
2023-03-03T11:20:31.886+09:00  INFO 5396 --- [    Test worker] com.example.JspServerApplicationTests    : No active profile set, falling back to 1 default profile: "default"
2023-03-03T11:20:33.134+09:00  INFO 5396 --- [    Test worker] com.example.JspServerApplicationTests    : Started JspServerApplicationTests in 1.479 seconds (process running for 3.958)
]]></system-out>
  <system-err><![CDATA[]]></system-err>
</testsuite>
